Determining if the Q_WS_WIN exist failed with the following output:
Change Dir: /home/yohan/robocomp/tests/CMakeFiles/CMakeTmp

Run Build Command:"/usr/bin/make" "cmTC_73fd6/fast"
/usr/bin/make -f CMakeFiles/cmTC_73fd6.dir/build.make CMakeFiles/cmTC_73fd6.dir/build
make[1]: Entering directory '/home/yohan/robocomp/tests/CMakeFiles/CMakeTmp'
Building CXX object CMakeFiles/cmTC_73fd6.dir/CheckSymbolExists.cxx.o
/usr/bin/c++    -I/usr/include/qt4   -o CMakeFiles/cmTC_73fd6.dir/CheckSymbolExists.cxx.o -c /home/yohan/robocomp/tests/CMakeFiles/CMakeTmp/CheckSymbolExists.cxx
/home/yohan/robocomp/tests/CMakeFiles/CMakeTmp/CheckSymbolExists.cxx: In function ‘int main(int, char**)’:
/home/yohan/robocomp/tests/CMakeFiles/CMakeTmp/CheckSymbolExists.cxx:8:19: error: ‘Q_WS_WIN’ was not declared in this scope
   return ((int*)(&Q_WS_WIN))[argc];
                   ^
CMakeFiles/cmTC_73fd6.dir/build.make:65: recipe for target 'CMakeFiles/cmTC_73fd6.dir/CheckSymbolExists.cxx.o' failed
make[1]: *** [CMakeFiles/cmTC_73fd6.dir/CheckSymbolExists.cxx.o] Error 1
make[1]: Leaving directory '/home/yohan/robocomp/tests/CMakeFiles/CMakeTmp'
Makefile:126: recipe for target 'cmTC_73fd6/fast' failed
make: *** [cmTC_73fd6/fast] Error 2

File /home/yohan/robocomp/tests/CMakeFiles/CMakeTmp/CheckSymbolExists.cxx:
/* */
#include <QtCore/qglobal.h>

int main(int argc, char** argv)
{
  (void)argv;
#ifndef Q_WS_WIN
  return ((int*)(&Q_WS_WIN))[argc];
#else
  (void)argc;
  return 0;
#endif
}

Determining if the Q_WS_QWS exist failed with the following output:
Change Dir: /home/yohan/robocomp/tests/CMakeFiles/CMakeTmp

Run Build Command:"/usr/bin/make" "cmTC_3a59b/fast"
/usr/bin/make -f CMakeFiles/cmTC_3a59b.dir/build.make CMakeFiles/cmTC_3a59b.dir/build
make[1]: Entering directory '/home/yohan/robocomp/tests/CMakeFiles/CMakeTmp'
Building CXX object CMakeFiles/cmTC_3a59b.dir/CheckSymbolExists.cxx.o
/usr/bin/c++    -I/usr/include/qt4   -o CMakeFiles/cmTC_3a59b.dir/CheckSymbolExists.cxx.o -c /home/yohan/robocomp/tests/CMakeFiles/CMakeTmp/CheckSymbolExists.cxx
/home/yohan/robocomp/tests/CMakeFiles/CMakeTmp/CheckSymbolExists.cxx: In function ‘int main(int, char**)’:
/home/yohan/robocomp/tests/CMakeFiles/CMakeTmp/CheckSymbolExists.cxx:8:19: error: ‘Q_WS_QWS’ was not declared in this scope
   return ((int*)(&Q_WS_QWS))[argc];
                   ^
CMakeFiles/cmTC_3a59b.dir/build.make:65: recipe for target 'CMakeFiles/cmTC_3a59b.dir/CheckSymbolExists.cxx.o' failed
make[1]: *** [CMakeFiles/cmTC_3a59b.dir/CheckSymbolExists.cxx.o] Error 1
make[1]: Leaving directory '/home/yohan/robocomp/tests/CMakeFiles/CMakeTmp'
Makefile:126: recipe for target 'cmTC_3a59b/fast' failed
make: *** [cmTC_3a59b/fast] Error 2

File /home/yohan/robocomp/tests/CMakeFiles/CMakeTmp/CheckSymbolExists.cxx:
/* */
#include <QtCore/qglobal.h>

int main(int argc, char** argv)
{
  (void)argv;
#ifndef Q_WS_QWS
  return ((int*)(&Q_WS_QWS))[argc];
#else
  (void)argc;
  return 0;
#endif
}

Determining if the Q_WS_MAC exist failed with the following output:
Change Dir: /home/yohan/robocomp/tests/CMakeFiles/CMakeTmp

Run Build Command:"/usr/bin/make" "cmTC_5225f/fast"
/usr/bin/make -f CMakeFiles/cmTC_5225f.dir/build.make CMakeFiles/cmTC_5225f.dir/build
make[1]: Entering directory '/home/yohan/robocomp/tests/CMakeFiles/CMakeTmp'
Building CXX object CMakeFiles/cmTC_5225f.dir/CheckSymbolExists.cxx.o
/usr/bin/c++    -I/usr/include/qt4   -o CMakeFiles/cmTC_5225f.dir/CheckSymbolExists.cxx.o -c /home/yohan/robocomp/tests/CMakeFiles/CMakeTmp/CheckSymbolExists.cxx
/home/yohan/robocomp/tests/CMakeFiles/CMakeTmp/CheckSymbolExists.cxx: In function ‘int main(int, char**)’:
/home/yohan/robocomp/tests/CMakeFiles/CMakeTmp/CheckSymbolExists.cxx:8:19: error: ‘Q_WS_MAC’ was not declared in this scope
   return ((int*)(&Q_WS_MAC))[argc];
                   ^
CMakeFiles/cmTC_5225f.dir/build.make:65: recipe for target 'CMakeFiles/cmTC_5225f.dir/CheckSymbolExists.cxx.o' failed
make[1]: *** [CMakeFiles/cmTC_5225f.dir/CheckSymbolExists.cxx.o] Error 1
make[1]: Leaving directory '/home/yohan/robocomp/tests/CMakeFiles/CMakeTmp'
Makefile:126: recipe for target 'cmTC_5225f/fast' failed
make: *** [cmTC_5225f/fast] Error 2

File /home/yohan/robocomp/tests/CMakeFiles/CMakeTmp/CheckSymbolExists.cxx:
/* */
#include <QtCore/qglobal.h>

int main(int argc, char** argv)
{
  (void)argv;
#ifndef Q_WS_MAC
  return ((int*)(&Q_WS_MAC))[argc];
#else
  (void)argc;
  return 0;
#endif
}

